Not Found: /sales
Not Found: /sales/login
Not Found: /sales/
Not Found: /sales/admin
Not Found: /sales/login/
Not Found: /sales/login/
Not Found: /sales/login/
Not Found: /sales/admin/
Not Found: /sales/admin/jsi18n/
Not Found: /sales/
Not Found: /sales/login/
Not Found: /sales
Not Found: /sales
Not Found: /sales/admin/
[2021-11-04 21:22:18 +0800] [1072] [CRITICAL] WORKER TIMEOUT (pid:1187)
[2021-11-04 21:22:18 +0800] [1072] [CRITICAL] WORKER TIMEOUT (pid:1189)
[2021-11-04 21:22:18 +0800] [1072] [CRITICAL] WORKER TIMEOUT (pid:1190)
[2021-11-04 21:22:48 +0800] [1072] [CRITICAL] WORKER TIMEOUT (pid:1210)
[2021-11-04 21:22:48 +0800] [1072] [CRITICAL] WORKER TIMEOUT (pid:1212)
[2021-11-04 21:22:48 +0800] [1072] [CRITICAL] WORKER TIMEOUT (pid:1214)
[2021-11-04 21:23:19 +0800] [1072] [CRITICAL] WORKER TIMEOUT (pid:1237)
[2021-11-04 21:23:19 +0800] [1072] [CRITICAL] WORKER TIMEOUT (pid:1239)
[2021-11-04 21:23:19 +0800] [1072] [CRITICAL] WORKER TIMEOUT (pid:1241)
[2021-11-04 21:23:49 +0800] [1072] [CRITICAL] WORKER TIMEOUT (pid:1245)
[2021-11-04 21:23:49 +0800] [1072] [CRITICAL] WORKER TIMEOUT (pid:1248)
[2021-11-04 21:23:49 +0800] [1072] [CRITICAL] WORKER TIMEOUT (pid:1249)
Method Not Allowed: /sales/api/token/
Unauthorized: /sales/api/token/
Unauthorized: /sales/api/token/
[2021-11-05 08:47:09 +0800] [1040] [CRITICAL] WORKER TIMEOUT (pid:1203)
[2021-11-05 08:47:09 +0800] [1040] [CRITICAL] WORKER TIMEOUT (pid:1207)
[2021-11-05 08:47:09 +0800] [1040] [CRITICAL] WORKER TIMEOUT (pid:1209)
[2021-11-05 08:47:39 +0800] [1040] [CRITICAL] WORKER TIMEOUT (pid:1269)
[2021-11-05 08:47:39 +0800] [1040] [CRITICAL] WORKER TIMEOUT (pid:1270)
[2021-11-05 08:47:39 +0800] [1040] [CRITICAL] WORKER TIMEOUT (pid:1273)
[2021-11-05 08:48:09 +0800] [1040] [CRITICAL] WORKER TIMEOUT (pid:1331)
[2021-11-05 08:48:09 +0800] [1040] [CRITICAL] WORKER TIMEOUT (pid:1333)
[2021-11-05 08:48:09 +0800] [1040] [CRITICAL] WORKER TIMEOUT (pid:1334)
[2021-11-06 21:57:08 +0800] [1099] [CRITICAL] WORKER TIMEOUT (pid:1209)
[2021-11-06 21:57:08 +0800] [1099] [CRITICAL] WORKER TIMEOUT (pid:1211)
[2021-11-06 21:57:08 +0800] [1099] [CRITICAL] WORKER TIMEOUT (pid:1213)
[2021-11-06 21:57:39 +0800] [1099] [CRITICAL] WORKER TIMEOUT (pid:1235)
[2021-11-06 21:57:39 +0800] [1099] [CRITICAL] WORKER TIMEOUT (pid:1248)
[2021-11-06 21:57:39 +0800] [1099] [CRITICAL] WORKER TIMEOUT (pid:1257)
[2021-11-06 21:58:09 +0800] [1099] [CRITICAL] WORKER TIMEOUT (pid:1335)
[2021-11-06 21:58:09 +0800] [1099] [CRITICAL] WORKER TIMEOUT (pid:1336)
[2021-11-06 21:58:09 +0800] [1099] [CRITICAL] WORKER TIMEOUT (pid:1338)
[2021-11-06 21:58:39 +0800] [1099] [CRITICAL] WORKER TIMEOUT (pid:1342)
[2021-11-06 21:58:39 +0800] [1099] [CRITICAL] WORKER TIMEOUT (pid:1343)
[2021-11-06 21:58:39 +0800] [1099] [CRITICAL] WORKER TIMEOUT (pid:1344)
[2021-11-07 17:17:56 +0800] [1063] [CRITICAL] WORKER TIMEOUT (pid:1227)
[2021-11-07 17:17:56 +0800] [1063] [CRITICAL] WORKER TIMEOUT (pid:1228)
[2021-11-07 17:17:56 +0800] [1063] [CRITICAL] WORKER TIMEOUT (pid:1229)
[2021-11-07 17:44:58 +0800] [1063] [CRITICAL] WORKER TIMEOUT (pid:1301)
[2021-11-07 17:44:58 +0800] [1063] [CRITICAL] WORKER TIMEOUT (pid:1304)
[2021-11-07 17:44:58 +0800] [1063] [CRITICAL] WORKER TIMEOUT (pid:1306)
[2021-11-07 17:45:28 +0800] [1063] [CRITICAL] WORKER TIMEOUT (pid:1309)
[2021-11-07 17:45:28 +0800] [1063] [CRITICAL] WORKER TIMEOUT (pid:1310)
[2021-11-07 17:45:28 +0800] [1063] [CRITICAL] WORKER TIMEOUT (pid:1312)
[2021-11-07 17:45:59 +0800] [1063] [CRITICAL] WORKER TIMEOUT (pid:1438)
[2021-11-07 17:45:59 +0800] [1063] [CRITICAL] WORKER TIMEOUT (pid:1440)
[2021-11-07 17:45:59 +0800] [1063] [CRITICAL] WORKER TIMEOUT (pid:1441)
[2021-11-07 18:17:57 +0800] [1034] [CRITICAL] WORKER TIMEOUT (pid:1163)
[2021-11-07 18:17:57 +0800] [1034] [CRITICAL] WORKER TIMEOUT (pid:1164)
[2021-11-07 18:17:57 +0800] [1034] [CRITICAL] WORKER TIMEOUT (pid:1166)
[2021-11-07 18:18:27 +0800] [1034] [CRITICAL] WORKER TIMEOUT (pid:1189)
[2021-11-07 18:18:27 +0800] [1034] [CRITICAL] WORKER TIMEOUT (pid:1191)
[2021-11-07 18:18:27 +0800] [1034] [CRITICAL] WORKER TIMEOUT (pid:1194)
[2021-11-07 18:18:57 +0800] [1034] [CRITICAL] WORKER TIMEOUT (pid:1198)
[2021-11-07 18:18:57 +0800] [1034] [CRITICAL] WORKER TIMEOUT (pid:1199)
[2021-11-07 18:18:57 +0800] [1034] [CRITICAL] WORKER TIMEOUT (pid:1201)
[2021-11-07 18:29:24 +0800] [1034] [CRITICAL] WORKER TIMEOUT (pid:1203)
[2021-11-07 18:29:24 +0800] [1034] [CRITICAL] WORKER TIMEOUT (pid:1206)
[2021-11-07 18:29:24 +0800] [1034] [CRITICAL] WORKER TIMEOUT (pid:1207)
